2021-12-12 01:42:34:098 [INFO] [SpringApplicationShutdownHook] [org.springframework.orm.jpa.LocalContainerEntityManagerFactoryBean:651] Closing JPA EntityManagerFactory for persistence unit 'default'
2021-12-12 01:42:34:145 [INFO] [SpringApplicationShutdownHook] [com.zaxxer.hikari.HikariDataSource:350] HikariPool-1 - Shutdown initiated...
2021-12-12 01:42:34:145 [INFO] [SpringApplicationShutdownHook] [com.zaxxer.hikari.HikariDataSource:352] HikariPool-1 - Shutdown completed.
2021-12-12 13:13:42:518 [INFO] [main] [com.bridgelabz.employeepayroll.EmployeePayrollApplication:55] Starting EmployeePayrollApplication using Java 17 on DESKTOP-2I0J1B5 with PID 4956 (D:\eclipse\nmbvc\CFP\employee-payroll\target\classes started by Asim in D:\eclipse\nmbvc\CFP\employee-payroll)
2021-12-12 13:13:42:527 [INFO] [main] [com.bridgelabz.employeepayroll.EmployeePayrollApplication:635] No active profile set, falling back to default profiles: default
2021-12-12 13:13:44:166 [INFO] [main] [org.springframework.data.repository.config.RepositoryConfigurationDelegate:132] Bootstrapping Spring Data JPA repositories in DEFAULT mode.
2021-12-12 13:13:44:309 [INFO] [main] [org.springframework.data.repository.config.RepositoryConfigurationDelegate:201] Finished Spring Data repository scanning in 120 ms. Found 1 JPA repository interfaces.
2021-12-12 13:13:44:635 [INFO] [main] [com.ulisesbocchio.jasyptspringboot.configuration.EnableEncryptablePropertiesBeanFactoryPostProcessor:39] Post-processing PropertySource instances
2021-12-12 13:13:44:675 [INFO] [main] [com.ulisesbocchio.jasyptspringboot.EncryptablePropertySourceConverter:56] Converting PropertySource configurationProperties [org.springframework.boot.context.properties.source.ConfigurationPropertySourcesPropertySource] to AOP Proxy
2021-12-12 13:13:44:682 [INFO] [main] [com.ulisesbocchio.jasyptspringboot.EncryptablePropertySourceConverter:56] Converting PropertySource servletConfigInitParams [org.springframework.core.env.PropertySource$StubPropertySource] to EncryptablePropertySourceWrapper
2021-12-12 13:13:44:682 [INFO] [main] [com.ulisesbocchio.jasyptspringboot.EncryptablePropertySourceConverter:56] Converting PropertySource servletContextInitParams [org.springframework.core.env.PropertySource$StubPropertySource] to EncryptablePropertySourceWrapper
2021-12-12 13:13:44:683 [INFO] [main] [com.ulisesbocchio.jasyptspringboot.EncryptablePropertySourceConverter:56] Converting PropertySource systemProperties [org.springframework.core.env.PropertiesPropertySource] to EncryptableMapPropertySourceWrapper
2021-12-12 13:13:44:683 [INFO] [main] [com.ulisesbocchio.jasyptspringboot.EncryptablePropertySourceConverter:56] Converting PropertySource systemEnvironment [org.springframework.boot.env.SystemEnvironmentPropertySourceEnvironmentPostProcessor$OriginAwareSystemEnvironmentPropertySource] to EncryptableSystemEnvironmentPropertySourceWrapper
2021-12-12 13:13:44:683 [INFO] [main] [com.ulisesbocchio.jasyptspringboot.EncryptablePropertySourceConverter:56] Converting PropertySource random [org.springframework.boot.env.RandomValuePropertySource] to EncryptablePropertySourceWrapper
2021-12-12 13:13:44:684 [INFO] [main] [com.ulisesbocchio.jasyptspringboot.EncryptablePropertySourceConverter:56] Converting PropertySource Config resource 'class path resource [application.properties]' via location 'optional:classpath:/' [org.springframework.boot.env.OriginTrackedMapPropertySource] to EncryptableMapPropertySourceWrapper
2021-12-12 13:13:44:738 [INFO] [main] [com.ulisesbocchio.jasyptspringboot.filter.DefaultLazyPropertyFilter:31] Property Filter custom Bean not found with name 'encryptablePropertyFilter'. Initializing Default Property Filter
2021-12-12 13:13:46:041 [INFO] [main] [org.springframework.boot.web.embedded.tomcat.TomcatWebServer:108] Tomcat initialized with port(s): 8080 (http)
2021-12-12 13:13:46:076 [INFO] [main] [org.apache.catalina.core.StandardService:173] Starting service [Tomcat]
2021-12-12 13:13:46:077 [INFO] [main] [org.apache.catalina.core.StandardEngine:173] Starting Servlet engine: [Apache Tomcat/9.0.55]
2021-12-12 13:13:46:321 [INFO] [main] [org.apache.catalina.core.ContainerBase.[Tomcat].[localhost].[/]:173] Initializing Spring embedded WebApplicationContext
2021-12-12 13:13:46:322 [INFO] [main] [org.springframework.boot.web.servlet.context.ServletWebServerApplicationContext:290] Root WebApplicationContext: initialization completed in 3493 ms
2021-12-12 13:13:46:391 [INFO] [main] [com.ulisesbocchio.jasyptspringboot.resolver.DefaultLazyPropertyResolver:35] Property Resolver custom Bean not found with name 'encryptablePropertyResolver'. Initializing Default Property Resolver
2021-12-12 13:13:46:396 [INFO] [main] [com.ulisesbocchio.jasyptspringboot.detector.DefaultLazyPropertyDetector:35] Property Detector custom Bean not found with name 'encryptablePropertyDetector'. Initializing Default Property Detector
2021-12-12 13:13:46:407 [INFO] [main] [com.ulisesbocchio.jasyptspringboot.encryptor.DefaultLazyEncryptor:37] String Encryptor custom Bean not found with name 'jasyptStringEncryptor'. Initializing Default String Encryptor
2021-12-12 13:13:46:437 [INFO] [main] [com.ulisesbocchio.jasyptspringboot.configuration.StringEncryptorBuilder:81] Encryptor config not found for property jasypt.encryptor.algorithm, using default value: PBEWITHHMACSHA512ANDAES_256
2021-12-12 13:13:46:438 [INFO] [main] [com.ulisesbocchio.jasyptspringboot.configuration.StringEncryptorBuilder:81] Encryptor config not found for property jasypt.encryptor.key-obtention-iterations, using default value: 1000
2021-12-12 13:13:46:438 [INFO] [main] [com.ulisesbocchio.jasyptspringboot.configuration.StringEncryptorBuilder:81] Encryptor config not found for property jasypt.encryptor.pool-size, using default value: 1
2021-12-12 13:13:46:439 [INFO] [main] [com.ulisesbocchio.jasyptspringboot.configuration.StringEncryptorBuilder:81] Encryptor config not found for property jasypt.encryptor.provider-name, using default value: null
2021-12-12 13:13:46:441 [INFO] [main] [com.ulisesbocchio.jasyptspringboot.configuration.StringEncryptorBuilder:81] Encryptor config not found for property jasypt.encryptor.provider-class-name, using default value: null
2021-12-12 13:13:46:442 [INFO] [main] [com.ulisesbocchio.jasyptspringboot.configuration.StringEncryptorBuilder:81] Encryptor config not found for property jasypt.encryptor.salt-generator-classname, using default value: org.jasypt.salt.RandomSaltGenerator
2021-12-12 13:13:46:443 [INFO] [main] [com.ulisesbocchio.jasyptspringboot.configuration.StringEncryptorBuilder:81] Encryptor config not found for property jasypt.encryptor.iv-generator-classname, using default value: org.jasypt.iv.RandomIvGenerator
2021-12-12 13:13:46:446 [INFO] [main] [com.ulisesbocchio.jasyptspringboot.configuration.StringEncryptorBuilder:81] Encryptor config not found for property jasypt.encryptor.string-output-type, using default value: base64
2021-12-12 13:13:47:273 [INFO] [main] [org.hibernate.jpa.internal.util.LogHelper:31] HHH000204: Processing PersistenceUnitInfo [name: default]
2021-12-12 13:13:47:361 [INFO] [main] [org.hibernate.Version:44] HHH000412: Hibernate ORM core version 5.6.1.Final
2021-12-12 13:13:47:616 [INFO] [main] [org.hibernate.annotations.common.Version:56] HCANN000001: Hibernate Commons Annotations {5.1.2.Final}
2021-12-12 13:13:47:801 [INFO] [main] [com.zaxxer.hikari.HikariDataSource:110] HikariPool-1 - Starting...
2021-12-12 13:13:47:807 [WARN] [main] [com.zaxxer.hikari.util.DriverDataSource:70] Registered driver with driverClassName=com.mysql.jdbc.Driver was not found, trying direct instantiation.
2021-12-12 13:13:48:923 [INFO] [main] [com.zaxxer.hikari.HikariDataSource:123] HikariPool-1 - Start completed.
2021-12-12 13:13:48:954 [INFO] [main] [org.hibernate.dialect.Dialect:175] HHH000400: Using dialect: org.hibernate.dialect.MySQL8Dialect
2021-12-12 13:13:50:027 [INFO] [main] [org.hibernate.engine.transaction.jta.platform.internal.JtaPlatformInitiator:52] HHH000490: Using JtaPlatform implementation: [org.hibernate.engine.transaction.jta.platform.internal.NoJtaPlatform]
2021-12-12 13:13:50:046 [INFO] [main] [org.springframework.orm.jpa.LocalContainerEntityManagerFactoryBean:437] Initialized JPA EntityManagerFactory for persistence unit 'default'
2021-12-12 13:13:50:693 [WARN] [main] [org.springframework.boot.autoconfigure.orm.jpa.JpaBaseConfiguration$JpaWebConfiguration:219] spring.jpa.open-in-view is enabled by default. Therefore, database queries may be performed during view rendering. Explicitly configure spring.jpa.open-in-view to disable this warning
2021-12-12 13:13:51:227 [INFO] [main] [org.springframework.boot.web.embedded.tomcat.TomcatWebServer:220] Tomcat started on port(s): 8080 (http) with context path ''
2021-12-12 13:13:51:239 [INFO] [main] [com.bridgelabz.employeepayroll.EmployeePayrollApplication:61] Started EmployeePayrollApplication in 9.672 seconds (JVM running for 10.415)
2021-12-12 13:14:47:119 [INFO] [http-nio-8080-exec-2] [org.apache.catalina.core.ContainerBase.[Tomcat].[localhost].[/]:173] Initializing Spring DispatcherServlet 'dispatcherServlet'
2021-12-12 13:14:47:119 [INFO] [http-nio-8080-exec-2] [org.springframework.web.servlet.DispatcherServlet:525] Initializing Servlet 'dispatcherServlet'
2021-12-12 13:14:47:120 [INFO] [http-nio-8080-exec-2] [org.springframework.web.servlet.DispatcherServlet:547] Completed initialization in 0 ms
2021-12-12 13:14:47:267 [INFO] [http-nio-8080-exec-2] [com.bridgelabz.employeepayroll.advice.LoggingAdvice:46] Method invoked: class com.bridgelabz.employeepayroll.services.PayrollServices : getAllPayroll()arguments : []
2021-12-12 13:14:47:750 [INFO] [http-nio-8080-exec-2] [com.bridgelabz.employeepayroll.advice.LoggingAdvice:49] class com.bridgelabz.employeepayroll.services.PayrollServices : getAllPayroll()Response : [PayrollDto(name=Chandler, gender=F, salary=120000), PayrollDto(name=Ross, gender=F, salary=120000)]
2021-12-12 13:15:01:207 [INFO] [http-nio-8080-exec-3] [com.bridgelabz.employeepayroll.advice.LoggingAdvice:46] Method invoked: class com.bridgelabz.employeepayroll.services.PayrollServices : addPayroll()arguments : [{"name":"arun","gender":"M","salary":120000}]
2021-12-12 13:15:01:702 [INFO] [http-nio-8080-exec-3] [com.bridgelabz.employeepayroll.advice.LoggingAdvice:49] class com.bridgelabz.employeepayroll.services.PayrollServices : addPayroll()Response : ADDED atm into database
2021-12-12 13:15:15:636 [INFO] [http-nio-8080-exec-4] [com.bridgelabz.employeepayroll.advice.LoggingAdvice:46] Method invoked: class com.bridgelabz.employeepayroll.services.PayrollServices : getAllPayroll()arguments : []
2021-12-12 13:15:15:677 [INFO] [http-nio-8080-exec-4] [com.bridgelabz.employeepayroll.advice.LoggingAdvice:49] class com.bridgelabz.employeepayroll.services.PayrollServices : getAllPayroll()Response : [PayrollDto(name=Chandler, gender=F, salary=120000), PayrollDto(name=Ross, gender=F, salary=120000), PayrollDto(name=arun, gender=M, salary=120000)]
2021-12-12 13:15:26:983 [INFO] [http-nio-8080-exec-5] [com.bridgelabz.employeepayroll.advice.LoggingAdvice:46] Method invoked: class com.bridgelabz.employeepayroll.services.PayrollServices : updatePayroll()arguments : [2,{"name":"Ratheesh","gender":"o","salary":101000}]
2021-12-12 13:15:27:052 [ERROR] [http-nio-8080-exec-5] [com.bridgelabz.employeepayroll.exception.CustomGlobalException:61] Invalid ID
2021-12-12 13:15:33:849 [INFO] [http-nio-8080-exec-7] [com.bridgelabz.employeepayroll.advice.LoggingAdvice:46] Method invoked: class com.bridgelabz.employeepayroll.services.PayrollServices : updatePayroll()arguments : [27,{"name":"Ratheesh","gender":"o","salary":101000}]
2021-12-12 13:15:33:859 [ERROR] [http-nio-8080-exec-7] [com.bridgelabz.employeepayroll.exception.CustomGlobalException:61] Invalid ID
2021-12-12 13:18:48:122 [INFO] [SpringApplicationShutdownHook] [org.springframework.orm.jpa.LocalContainerEntityManagerFactoryBean:651] Closing JPA EntityManagerFactory for persistence unit 'default'
2021-12-12 13:18:48:137 [INFO] [SpringApplicationShutdownHook] [com.zaxxer.hikari.HikariDataSource:350] HikariPool-1 - Shutdown initiated...
2021-12-12 13:18:48:153 [INFO] [SpringApplicationShutdownHook] [com.zaxxer.hikari.HikariDataSource:352] HikariPool-1 - Shutdown completed.
2021-12-12 13:18:52:903 [INFO] [main] [com.bridgelabz.employeepayroll.EmployeePayrollApplication:55] Starting EmployeePayrollApplication using Java 17 on DESKTOP-2I0J1B5 with PID 16096 (D:\eclipse\nmbvc\CFP\employee-payroll\target\classes started by Asim in D:\eclipse\nmbvc\CFP\employee-payroll)
2021-12-12 13:18:52:905 [INFO] [main] [com.bridgelabz.employeepayroll.EmployeePayrollApplication:635] No active profile set, falling back to default profiles: default
2021-12-12 13:18:53:907 [INFO] [main] [org.springframework.data.repository.config.RepositoryConfigurationDelegate:132] Bootstrapping Spring Data JPA repositories in DEFAULT mode.
2021-12-12 13:18:54:001 [INFO] [main] [org.springframework.data.repository.config.RepositoryConfigurationDelegate:201] Finished Spring Data repository scanning in 62 ms. Found 1 JPA repository interfaces.
2021-12-12 13:18:54:405 [INFO] [main] [com.ulisesbocchio.jasyptspringboot.configuration.EnableEncryptablePropertiesBeanFactoryPostProcessor:39] Post-processing PropertySource instances
2021-12-12 13:18:54:451 [INFO] [main] [com.ulisesbocchio.jasyptspringboot.EncryptablePropertySourceConverter:56] Converting PropertySource configurationProperties [org.springframework.boot.context.properties.source.ConfigurationPropertySourcesPropertySource] to AOP Proxy
2021-12-12 13:18:54:466 [INFO] [main] [com.ulisesbocchio.jasyptspringboot.EncryptablePropertySourceConverter:56] Converting PropertySource servletConfigInitParams [org.springframework.core.env.PropertySource$StubPropertySource] to EncryptablePropertySourceWrapper
2021-12-12 13:18:54:467 [INFO] [main] [com.ulisesbocchio.jasyptspringboot.EncryptablePropertySourceConverter:56] Converting PropertySource servletContextInitParams [org.springframework.core.env.PropertySource$StubPropertySource] to EncryptablePropertySourceWrapper
2021-12-12 13:18:54:468 [INFO] [main] [com.ulisesbocchio.jasyptspringboot.EncryptablePropertySourceConverter:56] Converting PropertySource systemProperties [org.springframework.core.env.PropertiesPropertySource] to EncryptableMapPropertySourceWrapper
2021-12-12 13:18:54:470 [INFO] [main] [com.ulisesbocchio.jasyptspringboot.EncryptablePropertySourceConverter:56] Converting PropertySource systemEnvironment [org.springframework.boot.env.SystemEnvironmentPropertySourceEnvironmentPostProcessor$OriginAwareSystemEnvironmentPropertySource] to EncryptableSystemEnvironmentPropertySourceWrapper
2021-12-12 13:18:54:472 [INFO] [main] [com.ulisesbocchio.jasyptspringboot.EncryptablePropertySourceConverter:56] Converting PropertySource random [org.springframework.boot.env.RandomValuePropertySource] to EncryptablePropertySourceWrapper
2021-12-12 13:18:54:474 [INFO] [main] [com.ulisesbocchio.jasyptspringboot.EncryptablePropertySourceConverter:56] Converting PropertySource Config resource 'class path resource [application.properties]' via location 'optional:classpath:/' [org.springframework.boot.env.OriginTrackedMapPropertySource] to EncryptableMapPropertySourceWrapper
2021-12-12 13:18:54:578 [INFO] [main] [com.ulisesbocchio.jasyptspringboot.filter.DefaultLazyPropertyFilter:31] Property Filter custom Bean not found with name 'encryptablePropertyFilter'. Initializing Default Property Filter
2021-12-12 13:18:55:249 [INFO] [main] [org.springframework.boot.web.embedded.tomcat.TomcatWebServer:108] Tomcat initialized with port(s): 8080 (http)
2021-12-12 13:18:55:265 [INFO] [main] [org.apache.catalina.core.StandardService:173] Starting service [Tomcat]
2021-12-12 13:18:55:265 [INFO] [main] [org.apache.catalina.core.StandardEngine:173] Starting Servlet engine: [Apache Tomcat/9.0.55]
2021-12-12 13:18:55:374 [INFO] [main] [org.apache.catalina.core.ContainerBase.[Tomcat].[localhost].[/]:173] Initializing Spring embedded WebApplicationContext
2021-12-12 13:18:55:374 [INFO] [main] [org.springframework.boot.web.servlet.context.ServletWebServerApplicationContext:290] Root WebApplicationContext: initialization completed in 2399 ms
2021-12-12 13:18:55:437 [INFO] [main] [com.ulisesbocchio.jasyptspringboot.resolver.DefaultLazyPropertyResolver:35] Property Resolver custom Bean not found with name 'encryptablePropertyResolver'. Initializing Default Property Resolver
2021-12-12 13:18:55:437 [INFO] [main] [com.ulisesbocchio.jasyptspringboot.detector.DefaultLazyPropertyDetector:35] Property Detector custom Bean not found with name 'encryptablePropertyDetector'. Initializing Default Property Detector
2021-12-12 13:18:55:453 [INFO] [main] [com.ulisesbocchio.jasyptspringboot.encryptor.DefaultLazyEncryptor:37] String Encryptor custom Bean not found with name 'jasyptStringEncryptor'. Initializing Default String Encryptor
2021-12-12 13:18:55:468 [INFO] [main] [com.ulisesbocchio.jasyptspringboot.configuration.StringEncryptorBuilder:81] Encryptor config not found for property jasypt.encryptor.algorithm, using default value: PBEWITHHMACSHA512ANDAES_256
2021-12-12 13:18:55:468 [INFO] [main] [com.ulisesbocchio.jasyptspringboot.configuration.StringEncryptorBuilder:81] Encryptor config not found for property jasypt.encryptor.key-obtention-iterations, using default value: 1000
2021-12-12 13:18:55:468 [INFO] [main] [com.ulisesbocchio.jasyptspringboot.configuration.StringEncryptorBuilder:81] Encryptor config not found for property jasypt.encryptor.pool-size, using default value: 1
2021-12-12 13:18:55:468 [INFO] [main] [com.ulisesbocchio.jasyptspringboot.configuration.StringEncryptorBuilder:81] Encryptor config not found for property jasypt.encryptor.provider-name, using default value: null
2021-12-12 13:18:55:468 [INFO] [main] [com.ulisesbocchio.jasyptspringboot.configuration.StringEncryptorBuilder:81] Encryptor config not found for property jasypt.encryptor.provider-class-name, using default value: null
2021-12-12 13:18:55:468 [INFO] [main] [com.ulisesbocchio.jasyptspringboot.configuration.StringEncryptorBuilder:81] Encryptor config not found for property jasypt.encryptor.salt-generator-classname, using default value: org.jasypt.salt.RandomSaltGenerator
2021-12-12 13:18:55:468 [INFO] [main] [com.ulisesbocchio.jasyptspringboot.configuration.StringEncryptorBuilder:81] Encryptor config not found for property jasypt.encryptor.iv-generator-classname, using default value: org.jasypt.iv.RandomIvGenerator
2021-12-12 13:18:55:468 [INFO] [main] [com.ulisesbocchio.jasyptspringboot.configuration.StringEncryptorBuilder:81] Encryptor config not found for property jasypt.encryptor.string-output-type, using default value: base64
2021-12-12 13:18:55:687 [INFO] [main] [org.hibernate.jpa.internal.util.LogHelper:31] HHH000204: Processing PersistenceUnitInfo [name: default]
2021-12-12 13:18:55:749 [INFO] [main] [org.hibernate.Version:44] HHH000412: Hibernate ORM core version 5.6.1.Final
2021-12-12 13:18:55:937 [INFO] [main] [org.hibernate.annotations.common.Version:56] HCANN000001: Hibernate Commons Annotations {5.1.2.Final}
2021-12-12 13:18:56:046 [INFO] [main] [com.zaxxer.hikari.HikariDataSource:110] HikariPool-1 - Starting...
2021-12-12 13:18:56:046 [WARN] [main] [com.zaxxer.hikari.util.DriverDataSource:70] Registered driver with driverClassName=com.mysql.jdbc.Driver was not found, trying direct instantiation.
2021-12-12 13:18:56:374 [INFO] [main] [com.zaxxer.hikari.HikariDataSource:123] HikariPool-1 - Start completed.
2021-12-12 13:18:56:405 [INFO] [main] [org.hibernate.dialect.Dialect:175] HHH000400: Using dialect: org.hibernate.dialect.MySQL8Dialect
2021-12-12 13:18:57:296 [INFO] [main] [org.hibernate.engine.transaction.jta.platform.internal.JtaPlatformInitiator:52] HHH000490: Using JtaPlatform implementation: [org.hibernate.engine.transaction.jta.platform.internal.NoJtaPlatform]
2021-12-12 13:18:57:312 [INFO] [main] [org.springframework.orm.jpa.LocalContainerEntityManagerFactoryBean:437] Initialized JPA EntityManagerFactory for persistence unit 'default'
2021-12-12 13:18:57:796 [WARN] [main] [org.springframework.boot.autoconfigure.orm.jpa.JpaBaseConfiguration$JpaWebConfiguration:219] spring.jpa.open-in-view is enabled by default. Therefore, database queries may be performed during view rendering. Explicitly configure spring.jpa.open-in-view to disable this warning
2021-12-12 13:18:58:202 [INFO] [main] [org.springframework.boot.web.embedded.tomcat.TomcatWebServer:220] Tomcat started on port(s): 8080 (http) with context path ''
2021-12-12 13:18:58:217 [INFO] [main] [com.bridgelabz.employeepayroll.EmployeePayrollApplication:61] Started EmployeePayrollApplication in 5.869 seconds (JVM running for 6.403)
2021-12-12 13:18:59:030 [INFO] [SpringApplicationShutdownHook] [org.springframework.orm.jpa.LocalContainerEntityManagerFactoryBean:651] Closing JPA EntityManagerFactory for persistence unit 'default'
2021-12-12 13:18:59:030 [INFO] [SpringApplicationShutdownHook] [com.zaxxer.hikari.HikariDataSource:350] HikariPool-1 - Shutdown initiated...
2021-12-12 13:18:59:030 [INFO] [SpringApplicationShutdownHook] [com.zaxxer.hikari.HikariDataSource:352] HikariPool-1 - Shutdown completed.
